c:\users\ruari\documents\github\programming2_assignment\programming2_assignment\debug\vc142.pdb
c:\users\ruari\documents\github\programming2_assignment\programming2_assignment\debug\vc142.idb
c:\users\ruari\documents\github\programming2_assignment\programming2_assignment\debug\main.obj
c:\users\ruari\documents\github\programming2_assignment\programming2_assignment\debug\time.obj
c:\users\ruari\documents\github\programming2_assignment\programming2_assignment\debug\texture.obj
c:\users\ruari\documents\github\programming2_assignment\programming2_assignment\debug\maingame.obj
c:\users\ruari\documents\github\programming2_assignment\programming2_assignment\debug\rotationtest.obj
c:\users\ruari\documents\github\programming2_assignment\programming2_assignment\debug\display.obj
c:\users\ruari\documents\github\programming2_assignment\programming2_assignment\debug\shader.obj
c:\users\ruari\documents\github\programming2_assignment\programming2_assignment\debug\physichandler.obj
c:\users\ruari\documents\github\programming2_assignment\programming2_assignment\debug\mesh.obj
c:\users\ruari\documents\github\programming2_assignment\programming2_assignment\debug\obj_loader.obj
c:\users\ruari\documents\github\programming2_assignment\programming2_assignment\debug\vc140.pdb
c:\users\ruari\documents\github\programming2_assignment\programming2_assignment\debug\spherecollider.obj
c:\users\ruari\documents\github\programming2_assignment\programming2_assignment\debug\boxcollider.obj
c:\users\ruari\documents\github\programming2_assignment\programming2_assignment\debug\platform.obj
c:\users\ruari\documents\github\programming2_assignment\programming2_assignment\debug\playerball.obj
c:\users\ruari\documents\github\programming2_assignment\programming2_assignment\debug\gamescene.obj
c:\users\ruari\documents\github\programming2_assignment\programming2_assignment\debug\level1.obj
c:\users\ruari\documents\github\programming2_assignment\programming2_assignment\debug\meshmanager.obj
c:\users\ruari\documents\github\programming2_assignment\programming2_assignment\debug\texturemanager.obj
c:\users\ruari\documents\github\programming2_assignment\programming2_assignment\debug\shadermanager.obj
c:\users\ruari\documents\github\programming2_assignment\programming2_assignment\debug\levelrotator.obj
c:\users\ruari\documents\github\programming2_assignment\programming2_assignment\debug\renderer.obj
c:\users\ruari\documents\github\programming2_assignment\programming2_assignment\debug\physicshandler.obj
c:\users\ruari\documents\github\programming2_assignment\programming2_assignment\debug\audio.obj
c:\users\ruari\documents\github\programming2_assignment\programming2_assignment\debug\fence.obj
c:\users\ruari\documents\github\programming2_assignment\programming2_assignment\debug\inputmanager.obj
c:\users\ruari\documents\github\programming2_assignment\programming2_assignment\debug\camera.obj
c:\users\ruari\documents\github\programming2_assignment\programming2_assignment\debug\environmentcontroller.obj
c:\users\ruari\documents\github\programming2_assignment\programming2_assignment\debug\cameramount.obj
c:\users\ruari\documents\github\programming2_assignment\programming2_assignment\debug\well.obj
c:\users\ruari\documents\github\programming2_assignment\programming2_assignment\debug\scenemanager.obj
c:\users\ruari\documents\github\programming2_assignment\programming2_assignment\debug\ballcontroller.obj
c:\users\ruari\documents\github\programming2_assignment\programming2_assignment\debug\startplate.obj
c:\users\ruari\documents\github\programming2_assignment\programming2_assignment\debug\endplate.obj
c:\users\ruari\documents\github\programming2_assignment\programming2_assignment\debug\testlevel.obj
c:\users\ruari\documents\github\programming2_assignment\programming2_assignment\debug\level2.obj
c:\users\ruari\documents\github\programming2_assignment\programming2_assignment\debug\fontmanager.obj
c:\users\ruari\documents\github\programming2_assignment\programming2_assignment\debug\font.obj
c:\users\ruari\documents\github\programming2_assignment\programming2_assignment\debug\audiomanager.obj
c:\users\ruari\documents\github\programming2_assignment\programming2_assignment\debug\meshrenderer.obj
c:\users\ruari\documents\github\programming2_assignment\programming2_assignment\debug\fontrenderer.obj
c:\users\ruari\documents\github\programming2_assignment\programming2_assignment\debug\vc140.idb
c:\users\ruari\documents\github\programming2_assignment\programming2_assignment\debug\audioplayer.obj
c:\users\ruari\documents\github\programming2_assignment\programming2_assignment\debug\stb_image.obj
c:\users\ruari\documents\github\programming2_assignment\debug\coursework.ilk
c:\users\ruari\documents\github\programming2_assignment\debug\coursework.exe
c:\users\ruari\documents\github\programming2_assignment\debug\coursework.pdb
c:\users\ruari\documents\github\graphicsprogramming_assignment\programming2_assignment\debug\audio.obj
c:\users\ruari\documents\github\graphicsprogramming_assignment\programming2_assignment\debug\audiomanager.obj
c:\users\ruari\documents\github\graphicsprogramming_assignment\programming2_assignment\debug\audioplayer.obj
c:\users\ruari\documents\github\graphicsprogramming_assignment\programming2_assignment\debug\ballcontroller.obj
c:\users\ruari\documents\github\graphicsprogramming_assignment\programming2_assignment\debug\boxcollider.obj
c:\users\ruari\documents\github\graphicsprogramming_assignment\programming2_assignment\debug\camera.obj
c:\users\ruari\documents\github\graphicsprogramming_assignment\programming2_assignment\debug\cameramount.obj
c:\users\ruari\documents\github\graphicsprogramming_assignment\programming2_assignment\debug\display.obj
c:\users\ruari\documents\github\graphicsprogramming_assignment\programming2_assignment\debug\endplate.obj
c:\users\ruari\documents\github\graphicsprogramming_assignment\programming2_assignment\debug\environmentcontroller.obj
c:\users\ruari\documents\github\graphicsprogramming_assignment\programming2_assignment\debug\fence.obj
c:\users\ruari\documents\github\graphicsprogramming_assignment\programming2_assignment\debug\font.obj
c:\users\ruari\documents\github\graphicsprogramming_assignment\programming2_assignment\debug\fontmanager.obj
c:\users\ruari\documents\github\graphicsprogramming_assignment\programming2_assignment\debug\fontrenderer.obj
c:\users\ruari\documents\github\graphicsprogramming_assignment\programming2_assignment\debug\gamescene.obj
c:\users\ruari\documents\github\graphicsprogramming_assignment\programming2_assignment\debug\inputmanager.obj
c:\users\ruari\documents\github\graphicsprogramming_assignment\programming2_assignment\debug\level1.obj
c:\users\ruari\documents\github\graphicsprogramming_assignment\programming2_assignment\debug\level2.obj
c:\users\ruari\documents\github\graphicsprogramming_assignment\programming2_assignment\debug\levelrotator.obj
c:\users\ruari\documents\github\graphicsprogramming_assignment\programming2_assignment\debug\main.obj
c:\users\ruari\documents\github\graphicsprogramming_assignment\programming2_assignment\debug\maingame.obj
c:\users\ruari\documents\github\graphicsprogramming_assignment\programming2_assignment\debug\mesh.obj
c:\users\ruari\documents\github\graphicsprogramming_assignment\programming2_assignment\debug\meshmanager.obj
c:\users\ruari\documents\github\graphicsprogramming_assignment\programming2_assignment\debug\meshrenderer.obj
c:\users\ruari\documents\github\graphicsprogramming_assignment\programming2_assignment\debug\obj_loader.obj
c:\users\ruari\documents\github\graphicsprogramming_assignment\programming2_assignment\debug\physichandler.obj
c:\users\ruari\documents\github\graphicsprogramming_assignment\programming2_assignment\debug\physicshandler.obj
c:\users\ruari\documents\github\graphicsprogramming_assignment\programming2_assignment\debug\platform.obj
c:\users\ruari\documents\github\graphicsprogramming_assignment\programming2_assignment\debug\playerball.obj
c:\users\ruari\documents\github\graphicsprogramming_assignment\programming2_assignment\debug\renderer.obj
c:\users\ruari\documents\github\graphicsprogramming_assignment\programming2_assignment\debug\rotationtest.obj
c:\users\ruari\documents\github\graphicsprogramming_assignment\programming2_assignment\debug\scenemanager.obj
c:\users\ruari\documents\github\graphicsprogramming_assignment\programming2_assignment\debug\shader.obj
c:\users\ruari\documents\github\graphicsprogramming_assignment\programming2_assignment\debug\shadermanager.obj
c:\users\ruari\documents\github\graphicsprogramming_assignment\programming2_assignment\debug\spherecollider.obj
c:\users\ruari\documents\github\graphicsprogramming_assignment\programming2_assignment\debug\startplate.obj
c:\users\ruari\documents\github\graphicsprogramming_assignment\programming2_assignment\debug\stb_image.obj
c:\users\ruari\documents\github\graphicsprogramming_assignment\programming2_assignment\debug\testlevel.obj
c:\users\ruari\documents\github\graphicsprogramming_assignment\programming2_assignment\debug\texture.obj
c:\users\ruari\documents\github\graphicsprogramming_assignment\programming2_assignment\debug\texturemanager.obj
c:\users\ruari\documents\github\graphicsprogramming_assignment\programming2_assignment\debug\time.obj
c:\users\ruari\documents\github\graphicsprogramming_assignment\programming2_assignment\debug\well.obj
c:\users\ruari\documents\github\graphicsprogramming_assignment\programming2_assignment\debug\gamescene.obj.enc
c:\users\ruari\documents\github\graphicsprogramming_assignment\programming2_assignment\debug\level1.obj.enc
c:\users\ruari\documents\github\graphicsprogramming_assignment\programming2_assignment\debug\maingame.new.obj.enc
c:\users\ruari\documents\github\graphicsprogramming_assignment\programming2_assignment\debug\physichandler.obj.enc
c:\users\ruari\documents\github\graphicsprogramming_assignment\programming2_assignment\debug\physicshandler.obj.enc
c:\users\ruari\documents\github\graphicsprogramming_assignment\programming2_assignment\debug\vc140.idb
c:\users\ruari\documents\github\graphicsprogramming_assignment\programming2_assignment\debug\vc142.idb
c:\users\ruari\documents\github\graphicsprogramming_assignment\programming2_assignment\debug\vc140.pdb
c:\users\ruari\documents\github\graphicsprogramming_assignment\programming2_assignment\debug\vc142.pdb
c:\users\ruari\documents\github\graphicsprogramming_assignment\debug\coursework.pdb
c:\users\ruari\documents\github\graphicsprogramming_assignment\debug\coursework.exe
c:\users\ruari\documents\github\graphicsprogramming_assignment\debug\coursework.ilk
c:\users\ruari\documents\github\graphicsprogramming_assignment\programming2_assignment\debug\coursework.tlog\cl.command.1.tlog
c:\users\ruari\documents\github\graphicsprogramming_assignment\programming2_assignment\debug\coursework.tlog\cl.read.1.tlog
c:\users\ruari\documents\github\graphicsprogramming_assignment\programming2_assignment\debug\coursework.tlog\cl.write.1.tlog
c:\users\ruari\documents\github\graphicsprogramming_assignment\programming2_assignment\debug\coursework.tlog\link.command.1.tlog
c:\users\ruari\documents\github\graphicsprogramming_assignment\programming2_assignment\debug\coursework.tlog\link.read.1.tlog
c:\users\ruari\documents\github\graphicsprogramming_assignment\programming2_assignment\debug\coursework.tlog\link.write.1.tlog
