  FontRenderer.cpp
c:\users\ruari\documents\github\graphicsprogramming_assignment\programming2_assignment\gameobject.h(69): warning C4018: '<': signed/unsigned mismatch
  GameScene.cpp
c:\users\ruari\documents\github\graphicsprogramming_assignment\programming2_assignment\gameobject.h(69): warning C4018: '<': signed/unsigned mismatch
c:\users\ruari\documents\github\graphicsprogramming_assignment\programming2_assignment\gamescene.cpp(9): warning C4018: '<': signed/unsigned mismatch
c:\users\ruari\documents\github\graphicsprogramming_assignment\programming2_assignment\gamescene.cpp(19): warning C4018: '<': signed/unsigned mismatch
c:\users\ruari\documents\github\graphicsprogramming_assignment\programming2_assignment\gamescene.cpp(35): warning C4018: '<': signed/unsigned mismatch
c:\users\ruari\documents\github\graphicsprogramming_assignment\programming2_assignment\gameobject.h(54): warning C4018: '<': signed/unsigned mismatch
  c:\users\ruari\documents\github\graphicsprogramming_assignment\programming2_assignment\gamescene.cpp(38): note: see reference to function template instantiation 'auto GameObject::getComponent<BoxCollider>(void)' being compiled
  MainGame.cpp
c:\users\ruari\documents\github\graphicsprogramming_assignment\programming2_assignment\gameobject.h(69): warning C4018: '<': signed/unsigned mismatch
  MeshRenderer.cpp
c:\users\ruari\documents\github\graphicsprogramming_assignment\programming2_assignment\gameobject.h(69): warning C4018: '<': signed/unsigned mismatch
  PhysicsHandler.cpp
c:\users\ruari\documents\github\graphicsprogramming_assignment\programming2_assignment\gameobject.h(69): warning C4018: '<': signed/unsigned mismatch
c:\users\ruari\documents\github\graphicsprogramming_assignment\programming2_assignment\physicshandler.cpp(56): warning C4018: '<': signed/unsigned mismatch
c:\users\ruari\documents\github\graphicsprogramming_assignment\programming2_assignment\gameobject.h(54): warning C4018: '<': signed/unsigned mismatch
  c:\users\ruari\documents\github\graphicsprogramming_assignment\programming2_assignment\physicshandler.cpp(98): note: see reference to function template instantiation 'auto GameObject::getComponent<SphereCollider>(void)' being compiled
  SceneManager.cpp
c:\users\ruari\documents\github\graphicsprogramming_assignment\programming2_assignment\gameobject.h(69): warning C4018: '<': signed/unsigned mismatch
  Skybox.cpp
  SkyboxRenderer.cpp
c:\users\ruari\documents\github\graphicsprogramming_assignment\programming2_assignment\gameobject.h(69): warning C4018: '<': signed/unsigned mismatch
  TestLevel.cpp
c:\users\ruari\documents\github\graphicsprogramming_assignment\programming2_assignment\gameobject.h(69): warning C4018: '<': signed/unsigned mismatch
  main.cpp
c:\users\ruari\documents\github\graphicsprogramming_assignment\programming2_assignment\gameobject.h(69): warning C4018: '<': signed/unsigned mismatch
  Generating Code...
c:\users\ruari\documents\github\graphicsprogramming_assignment\programming2_assignment\transform.h(82): warning C4172: returning address of local variable or temporary
c:\users\ruari\documents\github\graphicsprogramming_assignment\programming2_assignment\transform.h(151): warning C4172: returning address of local variable or temporary: totalRot
c:\users\ruari\documents\github\graphicsprogramming_assignment\programming2_assignment\transform.h(164): warning C4172: returning address of local variable or temporary: quaternion
c:\users\ruari\documents\github\graphicsprogramming_assignment\programming2_assignment\transform.h(82): warning C4172: returning address of local variable or temporary
c:\users\ruari\documents\github\graphicsprogramming_assignment\programming2_assignment\transform.h(151): warning C4172: returning address of local variable or temporary: totalRot
c:\users\ruari\documents\github\graphicsprogramming_assignment\programming2_assignment\transform.h(82): warning C4172: returning address of local variable or temporary
c:\users\ruari\documents\github\graphicsprogramming_assignment\programming2_assignment\transform.h(151): warning C4172: returning address of local variable or temporary: totalRot
  Programming2_Assignment.vcxproj -> C:\Users\ruari\Documents\GitHub\GraphicsProgramming_Assignment\Debug\Coursework.exe
